2025/10/30 17:01:43 成功加载config.yaml配置文件
2025/10/30 17:01:43 加载了 1 个服务名称映射
2025/10/30 17:01:43 加载了 2 个接口配置
2025/10/30 17:01:43 总共加载了 1 个服务名称和 2 个接口配置
2025/10/30 17:01:43 服务器启动，监听地址: 0.0.0.0:10810
2025/10/30 17:01:43 listen tcp 0.0.0.0:10810: bind: address already in use
exit status 1
01:43 listen tcp 0.0.0.0:10810: bind: address already in use
2025/10/30 17:03:44 加载了 1 个服务名称映射
2025/10/30 17:03:44 加载了 2 个接口配置
2025/10/30 17:03:44 总共加载了 1 个服务名称和 2 个接口配置
2025/10/30 17:03:44 服务器启动，监听地址: 0.0.0.0:10810
2025/10/30 17:03:48 接收到获取已保存配置的请求
2025/10/30 17:03:48 返回已保存配置: 服务名称 1 个, 接口配置 2 个
2025/10/30 17:03:48 接收到获取已保存配置的请求
2025/10/30 17:03:48 返回已保存配置: 服务名称 1 个, 接口配置 2 个
2025/10/30 17:03:48 接收到获取网络接口列表的请求
2025/10/30 17:03:48 接收到获取服务列表的请求
2025/10/30 17:03:48 接收到获取网络接口列表的请求
2025/10/30 17:03:48 成功返回 15 个服务
2025/10/30 17:03:48 获取到 2 个网络接口
2025/10/30 17:03:48 成功返回 2 个网络接口
2025/10/30 17:03:48 获取到 2 个网络接口
2025/10/30 17:03:48 成功返回 2 个网络接口
